[handleMsg]:  {
  key: {
    remoteJid: '56988207243@s.whatsapp.net',
    fromMe: false,
    id: '2282BB722E70EAFEACB8F056119A61A9',
    participant: undefined
  },
  messageTimestamp: 1680188142,
  pushName: 'Esteban',
  message: Message {
    conversation: 'Hola',
    messageContextInfo: MessageContextInfo {
      deviceListMetadata: [DeviceListMetadata],
      deviceListMetadataVersion: 2
    }
  },
  body: 'Hola',
  from: '56988207243'
}
[handleMsg]:  {
  key: {
    remoteJid: '56988207243@s.whatsapp.net',
    fromMe: false,
    id: '3C6D73BCE7821BB9822B0334F3CB264D',
    participant: undefined
  },
  messageTimestamp: 1680188148,
  pushName: 'Esteban',
  message: Message {
    conversation: 'Este',
    messageContextInfo: MessageContextInfo {
      deviceListMetadata: [DeviceListMetadata],
      deviceListMetadataVersion: 2
    }
  },
  body: 'Este',
  from: '56988207243'
}
